Using pre-set license
Built from '2020.2/staging' branch; Version is '2020.2.3f1 (8ff31bc5bf5b) revision 9433883'; Using compiler version '192528614'; Build Type 'Release'
OS: 'Windows 10 Pro; OS build 19042.928; Version 2009; 64bit' Language: 'ru' Physical Memory: 7068 MB
BatchMode: 1, IsHumanControllingUs: 0, StartBugReporterOnCrash: 0, Is64bit: 1, IsPro: 0

 COMMAND LINE ARGUMENTS:
E:\Unity\2020.2.3f1\Editor\Unity.exe
-adb2
-batchMode
-noUpm
-name
AssetImportWorker0
-projectPath
C:/Users/alexm/Documents/GitHub/Boxing
-logFile
Logs/AssetImportWorker0.log
-srvPort
55048
Successfully changed project path to: C:/Users/alexm/Documents/GitHub/Boxing
C:/Users/alexm/Documents/GitHub/Boxing
Using Asset Import Pipeline V2.
Refreshing native plugins compatible for Editor in 151.04 ms, found 3 plugins.
Preloading 0 native plugins for Editor in 0.00 ms.
Initialize engine version: 2020.2.3f1 (8ff31bc5bf5b)
[Subsystems] Discovering subsystems at path E:/Unity/2020.2.3f1/Editor/Data/Resources/UnitySubsystems
[Subsystems] Discovering subsystems at path C:/Users/alexm/Documents/GitHub/Boxing/Assets
GfxDevice: creating device client; threaded=0
Direct3D:
    Version:  Direct3D 11.0 [level 11.1]
    Renderer: Radeon RX 560 Series (ID=0x67ef)
    Vendor:   
    VRAM:     4075 MB
    Driver:   27.20.1034.6
Initialize mono
Mono path[0] = 'E:/Unity/2020.2.3f1/Editor/Data/Managed'
Mono path[1] = 'E:/Unity/2020.2.3f1/Editor/Data/MonoBleedingEdge/lib/mono/unityjit'
Mono config path = 'E:/Unity/2020.2.3f1/Editor/Data/MonoBleedingEdge/etc'
Using monoOptions --debugger-agent=transport=dt_socket,embedding=1,server=y,suspend=n,address=127.0.0.1:56608
Begin MonoManager ReloadAssembly
Registering precompiled unity dll's ...
Register platform support module: E:/Unity/2020.2.3f1/Editor/Data/PlaybackEngines/WebGLSupport/UnityEditor.WebGL.Extensions.dll
Register platform support module: E:/Unity/2020.2.3f1/Editor/Data/PlaybackEngines/WindowsStandaloneSupport/UnityEditor.WindowsStandalone.Extensions.dll
Registered in 0.003619 seconds.
Native extension for WindowsStandalone target not found
Native extension for WebGL target not found
Refreshing native plugins compatible for Editor in 76.59 ms, found 3 plugins.
Preloading 0 native plugins for Editor in 0.00 ms.
Invoked RoslynAnalysisRunner static constructor.
RoslynAnalysisRunner will not be running.
RoslynAnalysisRunner has terminated.
Mono: successfully reloaded assembly
- Completed reload, in  3.014 seconds
Platform modules already initialized, skipping
Registering precompiled user dll's ...
Registered in 0.004187 seconds.
Begin MonoManager ReloadAssembly
Native extension for WindowsStandalone target not found
Native extension for WebGL target not found
Refreshing native plugins compatible for Editor in 0.69 ms, found 3 plugins.
Preloading 0 native plugins for Editor in 0.00 ms.
Invoked RoslynAnalysisRunner static constructor.
RoslynAnalysisRunner will not be running.
RoslynAnalysisRunner has terminated.
Mono: successfully reloaded assembly
- Completed reload, in  2.547 seconds
Platform modules already initialized, skipping
========================================================================
Worker process is ready to serve import requests
Launched and connected shader compiler UnityShaderCompiler.exe after 0.14 seconds
Refreshing native plugins compatible for Editor in 1.02 ms, found 3 plugins.
Preloading 0 native plugins for Editor in 0.00 ms.
Unloading 1254 Unused Serialized files (Serialized files now loaded: 0)
System memory in use before: 61.5 MB.
System memory in use after: 61.6 MB.

Unloading 17 unused Assets to reduce memory usage. Loaded Objects now: 1689.
Total: 7.194700 ms (FindLiveObjects: 0.646000 ms CreateObjectMapping: 0.239900 ms MarkObjects: 6.051400 ms  DeleteObjects: 0.251900 ms)

========================================================================
Received Import Request.
  path: Assets/character.fbx
  artifactKey: Guid(dfd8bd67b067c15418a980263d3a31ae) Importer(815301076,1909f56bfc062723c751e8b465ee728b)
Start importing Assets/character.fbx using Guid(dfd8bd67b067c15418a980263d3a31ae) Importer(815301076,1909f56bfc062723c751e8b465ee728b)  -> (artifact id: '5eba2e197abbf52f30300e9e4351a8f7') in 0.706923 seconds
  Import took 0.713022 seconds .

========================================================================
Received Import Request.
  Time since last request: 0.001373 seconds.
  path: Assets/1x1#FFFFFF.png
  artifactKey: Guid(e0f71cf87d372d94787ad23c9859f1a2) Importer(815301076,1909f56bfc062723c751e8b465ee728b)
Start importing Assets/1x1#FFFFFF.png using Guid(e0f71cf87d372d94787ad23c9859f1a2) Importer(815301076,1909f56bfc062723c751e8b465ee728b)  -> (artifact id: '2d1a5e0aae80bb5e78dd6a4155b46cf6') in 0.130495 seconds
  Import took 0.138149 seconds .

========================================================================
Received Import Request.
  Time since last request: 132.520829 seconds.
  path: Assets/Scripts/Characteristics.cs
  artifactKey: Guid(9d1bcafb85d1f5a47900cf65f06f198d) Importer(815301076,1909f56bfc062723c751e8b465ee728b)
Start importing Assets/Scripts/Characteristics.cs using Guid(9d1bcafb85d1f5a47900cf65f06f198d) Importer(815301076,1909f56bfc062723c751e8b465ee728b)  -> (artifact id: '459b44bd4fbcdbe4eb9b4b162fdd08c9') in 0.046137 seconds
  Import took 0.052955 seconds .

========================================================================
Received Import Request.
  Time since last request: 0.002877 seconds.
  path: Assets/Scripts/Characteristics.cs
  artifactKey: Guid(9d1bcafb85d1f5a47900cf65f06f198d) Importer(815301076,1909f56bfc062723c751e8b465ee728b)
Start importing Assets/Scripts/Characteristics.cs using Guid(9d1bcafb85d1f5a47900cf65f06f198d) Importer(815301076,1909f56bfc062723c751e8b465ee728b)  -> (artifact id: '459b44bd4fbcdbe4eb9b4b162fdd08c9') in 0.007542 seconds
  Import took 0.014157 seconds .

========================================================================
Received Prepare
Registering precompiled user dll's ...
Registered in 0.005864 seconds.
Begin MonoManager ReloadAssembly
Native extension for WindowsStandalone target not found
Native extension for WebGL target not found
Refreshing native plugins compatible for Editor in 1.21 ms, found 3 plugins.
Preloading 0 native plugins for Editor in 0.00 ms.
Invoked RoslynAnalysisRunner static constructor.
RoslynAnalysisRunner will not be running.
RoslynAnalysisRunner has terminated.
Mono: successfully reloaded assembly
- Completed reload, in  3.857 seconds
Platform modules already initialized, skipping
Refreshing native plugins compatible for Editor in 1.23 ms, found 3 plugins.
Preloading 0 native plugins for Editor in 0.00 ms.
Unloading 1243 Unused Serialized files (Serialized files now loaded: 0)
System memory in use before: 75.4 MB.
System memory in use after: 75.5 MB.

Unloading 12 unused Assets to reduce memory usage. Loaded Objects now: 1738.
Total: 6.180000 ms (FindLiveObjects: 0.595100 ms CreateObjectMapping: 0.120800 ms MarkObjects: 5.286100 ms  DeleteObjects: 0.174700 ms)

========================================================================
Received Import Request.
  Time since last request: 372.824656 seconds.
  path: Assets/Scripts/Characteristics.cs
  artifactKey: Guid(9d1bcafb85d1f5a47900cf65f06f198d) Importer(815301076,1909f56bfc062723c751e8b465ee728b)
Start importing Assets/Scripts/Characteristics.cs using Guid(9d1bcafb85d1f5a47900cf65f06f198d) Importer(815301076,1909f56bfc062723c751e8b465ee728b)  -> (artifact id: '05906e930612d011ca4cba9511bd1988') in 0.060243 seconds
  Import took 0.077537 seconds .

========================================================================
Received Import Request.
  Time since last request: 0.143740 seconds.
  path: Assets/Scripts/Characteristics.cs
  artifactKey: Guid(9d1bcafb85d1f5a47900cf65f06f198d) Importer(815301076,1909f56bfc062723c751e8b465ee728b)
Start importing Assets/Scripts/Characteristics.cs using Guid(9d1bcafb85d1f5a47900cf65f06f198d) Importer(815301076,1909f56bfc062723c751e8b465ee728b)  -> (artifact id: '05906e930612d011ca4cba9511bd1988') in 0.016826 seconds
  Import took 0.026865 seconds .

========================================================================
Received Prepare
Registering precompiled user dll's ...
Registered in 0.005254 seconds.
Begin MonoManager ReloadAssembly
Native extension for WindowsStandalone target not found
Native extension for WebGL target not found
Refreshing native plugins compatible for Editor in 0.92 ms, found 3 plugins.
Preloading 0 native plugins for Editor in 0.00 ms.
Invoked RoslynAnalysisRunner static constructor.
RoslynAnalysisRunner will not be running.
RoslynAnalysisRunner has terminated.
Mono: successfully reloaded assembly
- Completed reload, in  2.667 seconds
Platform modules already initialized, skipping
Refreshing native plugins compatible for Editor in 0.72 ms, found 3 plugins.
Preloading 0 native plugins for Editor in 0.00 ms.
Unloading 1243 Unused Serialized files (Serialized files now loaded: 0)
System memory in use before: 75.4 MB.
System memory in use after: 75.5 MB.

Unloading 12 unused Assets to reduce memory usage. Loaded Objects now: 1740.
Total: 5.714700 ms (FindLiveObjects: 0.357500 ms CreateObjectMapping: 0.079800 ms MarkObjects: 5.100600 ms  DeleteObjects: 0.173300 ms)

========================================================================
Received Prepare
Registering precompiled user dll's ...
Registered in 0.005435 seconds.
Begin MonoManager ReloadAssembly
Native extension for WindowsStandalone target not found
Native extension for WebGL target not found
Refreshing native plugins compatible for Editor in 0.90 ms, found 3 plugins.
Preloading 0 native plugins for Editor in 0.00 ms.
Invoked RoslynAnalysisRunner static constructor.
RoslynAnalysisRunner will not be running.
RoslynAnalysisRunner has terminated.
Mono: successfully reloaded assembly
- Completed reload, in  3.346 seconds
Platform modules already initialized, skipping
Refreshing native plugins compatible for Editor in 1.17 ms, found 3 plugins.
Preloading 0 native plugins for Editor in 0.00 ms.
Unloading 1243 Unused Serialized files (Serialized files now loaded: 0)
System memory in use before: 75.4 MB.
System memory in use after: 75.5 MB.

Unloading 12 unused Assets to reduce memory usage. Loaded Objects now: 1742.
Total: 3.912400 ms (FindLiveObjects: 0.344600 ms CreateObjectMapping: 0.071800 ms MarkObjects: 3.358700 ms  DeleteObjects: 0.135000 ms)

AssetImportWorkerClient::OnTransportError - code=2 error=End of file
